1717958
361001
2053014
867674
1863552
2596884
1010333
2036854
47203
2230764
427582
1158526
2076077
2789767
2996397
3416050
413630
3129545
2375040
1514322
1736841
2796163
145594
2268930
3512438
3933951
2849954
255081
3779265
3049779
3689474
1404501
2194133
222204
1645716
2533003
1693463
1880270
1062201
487162
2482966
3459585
2960603
3578390
1596211
2237604
3008171
30834
2193445
1953522
2554824
2126854
3653918
1178125
3850056
3875379
2098150
958293
150083
1282744
567986
1104726
2227043
2144859
592702
696590
323663
3079117
2365616
1735357
1255001
1829061
2096882
742200
2333939
114538
1349036
1060536
665424
3344759
3474323
67485
3077839
2074556
3550643
3720729
1531379
2736191
3841284
1543361
3651162
3176546
2208881
2661299
2136927
1985834
44677
1554376
2911150
2392782
2218141
579071
1478580
2644002
3124547
232809
3502791
233022
1536397
3087558
3480787
3044221
2396373
18465
1562910
1960181
264413
3732642
3674300
3747040
287775
476408
2436684
2587331
949123
1595131
756639
1368315
1544580
138945
2440097
1943322
1563221
1933987
1848399
3557996
3641494
2885601
3123977
1749627
1106525
1274508
3719966
2350330
44900
1906977
1217752
130569
2348651
1997624
3819692
2800361
1507251
1556164
2016047
285575
2852191
38151
210438
3721001
3426300
189736
1811785
2008711
3396382
3645644
211942
332749
2037789
784394
1649431
787623
2174960
1428947
1079665
1003987
3013982
981607
1628806
2074683
1027154
1322821
727477
1657141
1636318
619478
2868911
3584118
3673463
2143970
3420213
3595722
561667
1462176
93318
2198179
2692862
3871549
2248794
2805977
1557497
1082503
301943
2270547
1415646
2494311
3001329
1133701
3342396
491092
113975
3285529
2650261
2553423
1349637
914216
1217427
1755712
766046
234073
1215826
1360343
2490373
434080
3728704
1636534
314320
2306318
1864415
3045059
3155340
1567485
2870983
2545532
1191335
838941
1006083
3364118
3546973
701513
31705
2036679
3528846
1322636
2690953
615807
2663570
2189187
3771229
3430637
3886548
1446607
2525272
3721925
753759
2840705
389372
3156915
717294
732045
2890242
2394375
85227
2245164
989185
855951
1872978
4007987
2374580
1280172
2547972
1448819
584061
2461551
3162919
3050442
3735684
3535051
1218914
651977
1806911
283147
974996
1290319
2037728
345674
3638594
3011852
511197
973482
951790
1569935
2747084
1577465
3376713
2640555
711981
3316272
3781289
3767613
2834254
496780
2093927
1438286
3321467
1164263
2720757
1281462
1676743
11661
1726979
3627484
2928240
1751268
1888444
555247
1307615
2854530
3448405
101803
3168105
1095216
2336688
719086
2941877
2863731
2900985
3822170
2411056
3621069
3382415
602216
1113841
2433421
1717936
1082132
2523228
3750946
1589258
2357753
2126729
726806
1153083
3176864
3177491
2039241
289923
3467837
152494
1007833
1862634
3814783
32172
697199
2269225
1505450
3950267
1926450
887703
503246
2349690
1644688
1163935
1072396
2283435
3799980
1487460
2495589
3699340
3182336
710608
2030384
1792669
3019306
1608728
3705153
3571972
845017
78463
2936252
53932
2461791
3665182
1464554
3350172
496889
2623336
447754
3537883
836469
2111542
2648673
3631920
1102676
4003782
814039
820008
1024056
3005142
50875
278620
390909
562952
2733431
3483148
2261907
3407428
2752861
3961482
2163707
2492606
1958156
1281506
2147795
3558282
3024063
977703
3125931
1869552
2177742
3206019
193565
2459496
1195917
1610746
473739
3414415
722051
3949291
1356630
1675991
670873
1448239
442915
963410
2028902
1183463
1123375
3045797
3623998
491834
1997086
2262787
1272245
3439848
1422746
1862280
1678899
3828215
1609247
343685
1385381
2815990
2238724
1999858
1979526
3762166
2601317
1708829
2222479
1916703
2093853
3996338
739797
1765530
1113627
256923
1300134
649992
3686190
3117645
1684894
2057591
421919
2189522
3633849
1773419
2571289
1914964
2860080
3811062
910975
802699
1532082
1250777
1877100
2615246
3899662
3000829
3347353
2805741
2355025
1635915
8555
3802076
2615913
296340
399643
3340837
1446113
2463140
1045466
3319818
1207338
3604614
780243
3453132
457526
2072835
3407164
711731
3154534
3337262
1292935
731948
2824499
461709
1733898
2510307
616123
1384942
231011
3931334
1322500
1204374
938458
1579422
213113
2106128
1471113
1872697
353363
3866729
523091
1521906
3073129
502432
2176931
475203
1145320
3525032
1326610
115315
1593666
274187
1159879
1026330
745493
971499
2083016
819437
3583923
3090819
2835413
369250
3851797
1647689
1991579
501032
3320394
3225264
1512862
463484
2463319
1186028
671271
1153565
3495396
3183755
3552753
1733092
522071
3213597
3494621
2446282
2732512
2925008
3113793
453086
760451
3768926
2087298
739775
3116170
1366315
3747256
260909
2277202
3156015
3967582
1491012
3879977
1013790
1052616
1664012
2609128
3642440
2707597
197005
3479350
3060698
2549838
2193891
618751
3997100
2343497
1697230
3124821
891075
3407960
1809508
1794633
3524948
222428
2616065
2585972
408956
114506
2138287
3756988
1228719
2935869
1264161
519062
3880881
2631627
3591948
3916342
2172169
425759
2851402
3708654
1345973
2866440
575779
3395518
3860927
2230981
762205
3775534
3200419
2588462
2085085
128905
3940188
318884
1911199
217817
2572545
2136948
3891552
3511451
1580127
1151069
1070372
2622199
940423
321264
3355115
663589
2015805
676276
570723
2024024
3418890
3842978
709792
627415
978143
2865358
3124044
2661759
3813165
2477675
694533
3817015
1422618
2963470
1123979
1894454
2847751
3042938
3318054
3956178
1038646
1936316
1206688
1522688
304665
919248
874001
1980801
462477
3790801
2686871
447357
3275441
409274
3653320
2064209
219633
2037954
1141944
3875115
2910383
3967558
1459454
1202629
1569711
2078338
20595
2119725
2591524
2231824
629236
422983
1225583
1515610
1810600
119180
3691432
518255
3860406
2402141
2202299
723882
1997734
2287687
2198204
2435413
1890944
2415487
3400270
739879
1624468
3315965
182700
2915318
600280
2264506
436586
3281357
1169369
1754930
1413335
2237617
56586
1255783
3615177
1193104
1740067
3475868
128079
1556026
2008038
3084253
3022398
2513582
684988
1354238
399139
1693556
457311
603215
1001831
648282
739213
994627
2657808
3991506
233781
2334273
2650142
2218676
2015615
772376
2196524
3372225
1122281
2712894
252200
1604167
769857
646972
2863394
2468657
3382380
3791108
3996568
206333
142039
388823
401395
3773797
2017114
3067495
3852211
1209646
1110152
520840
1166710
2297496
2133392
3130549
391131
1162367
116655
1534329
3521139
1575410
2006876
1722214
1923434
881888
1046256
147642
751471
1019005
971813
2955129
1047945
2703228
1191104
3307342
2924425
2153971
2337892
868853
272422
282988
1694949
1677029
1456248
1251329
3295656
2131210
1666931
2202137
3211075
3433374
3094365
1079868
3293724
467473
2558378
1290993
246213
2988187
2556721
2886431
1236691
1853071
1754374
1309450
2378712
46172
2536057
292687
1464213
2366109
2348273
1435604
3120376
2007857
2425384
1922007
3267027
2869150
2288766
617869
2914763
2627119
962893
242488
3838038
2462780
2800110
1364424
1775344
415854
1110258
1234559
3895266
2378968
1960087
1261523
1528415
1261372
2870092
3000676
806372
379401
3632833
783248
2689011
2534156
962387
2829392
1339083
2729281
2246350
3401815
2800295
886104
1391338
136814
128404
1602609
969093
2920572
1504004
3548845
2753006
3570500
3005485
740363
791755
986942
3213885
613881
2042680
2231984
947859
2072926
1002937
3793798
1839465
1791680
3213182
1714996
824842
535359
277262
1892231
841941
235834
3493147
2405315
3355869
3255500
1685297
1267634
2531675
2746761
1527037
40344
3797668
2165371
1981333
1061275
2609794
2105438
1305247
1619691
1666273
1280335
3484862
1076809
2188855
3569799
2921159
2767248
1750628
571789
972680
3376562
763051
1656332
1965955
489097
3625167
255623
1793307
51294
3018832
604488
955165
41921
1444247
3262568
474
3453795
1837785
603144
2427736
902033
2551594
1122739
3412170
3717734
494736
2588190
1048101
259842
2801745
3699098
1397946
3634318
3293984
3333813
2991941
3516745
232705
719957
1510978
3859794
2442120
465123
3399654
1930615
3963651
1818978
1279515
837524
3672872
3534453
1795708
2336197
2890939
245161
2013905
1301873
2622929
2307984
3022397
330871
721245
1786154
1282777
3807444
1306922
1858476
1889295
1558347
1140524
1081371
1105459
3883731
1856206
524211
2695688
2907224
2593396
2739764
2520780
2771489
77686
1690498
2029507
1216774
728783
3810683
651603
3708342
2157119
2707
319656
257990
1607510
2151232
362074
3311258
1230420
2904290
3448759
2467578
2652492
2064205
112950
1911164
2425225
992447
149712
1765617
2814315
1529016
2962570
3781903
1501297
3247707
504578
1192869
4022979
655384
604019
2518754
1512851
1399798
3506165
1784763
3931820
3367978
3131699
3099485
2208633
3860157
1737372
1126697
886064
1466042
2815581
1048987
1117244
2668467
3860135
2133959
1401518
1250936
388988
290059
1370520
3101711
3003686
3548155
1982481
729175
3400155
488496
73467
304187
2830091
888417
3608122
3241915
3632289
2805826
2672955
2244893
2688654
808695
3376945
2855531
2320695
3966336
2492104
1397000
2580032
2518394
832242
488718
2377336
3649476
2543896
423201
3679742
231407
3764599
2819625
2525062
1410420
1573485
2877125
1798460
1857209
2946147
3151607
3228512
3557248
2600094
2331928
3334942
4025444
1016793
505459
2920210
2413100
1440827
2780627
191831
504312
1785128
338331
3036854
2696327
2737419
3249553
147107
1260075
2495781
1636810
660875
835978
1961056
1623391
1972673
2734805
3411668
842691
2554923
839332
3296184
1138854
1768563
3785278
2985081
200264
2466470
514764
3610760
1637094
3825243
1807500
2640533
1715436
1781397
2519000
1212217
2185700
2298703
3012122
2833172
2666314
3036142
1770765
322124
1188342
3233445
334711
3591252
1254391
3127355
2606551
1856622
446751
845071
1554839
784364
2276643
2338281
17307
565267
341550
2425006
3584523
1907180
321631
835281
2993901
467670
2367923
1604520
3622714
3016607
1899067
341171
1858199
1647893
390839
3512321
1021449
273283
920482
2042969
1323859
3808020
2451984
2083311
2575615
1071653
85219
2619287
3644123
2904467
2950560
3830024
2928554
3353351
1403494
2608055
1323930
2103821
1826599
696569
3134451
25627
570096
2928548
2218682
1489299
1959491
39375
1066577
24414
2859762
1868420
3610008
3003901
3651100
1398839
3274172
266333
1868921
2084654
2128197
1696731
1605158
2586747
2013900
2312638
602742
1241229
748125
3380267
3702781
1247534
1167047
2737346
1205659
1841155
3832983
1412401
3151515
2932005
3182863
3674939
705058
397496
1043801
1875914
2198172
1391963
3261649
3202801
840011
2878537
682021
3005133
2127782
2855492
319721
3730357
855016
1701457
2161891
2523220
252887
3201238
2697861
1071271
3809129
3162347
1828770
3482723
2957249
626412
2099416
3695416
2868850
1585164
1199219
2134062
3245994
3429993
2021713
3905425
196872
3259090
3578614
3009791
967733
353611
4018105
1881321
298306
3400752
2412773
34218
3609192
1993523
2044888
3931423
3730664
1643032
2974237
1484374
697665
3822613
3905933
3329315
1640895
2150647
3978903
760555
2457493
3799833
3145845
2223691
357121
1154565
217388
1829773
3559738
2655714
1191084
1083858
1741330
3923058
2017737
3196725
1157658
3253810
3465343
239621
3117108
844377
431086
113267
596098
1748084
2284905
354836
1765449
2593712
292701
3305832
3487079
1833126
2621056
782189
1681886
3666785
3445220
1410704
2464376
2403267
461483
2094292
3511966
3242713
276192
604928
422489
2949647
2052983
3814646
3451528
1773159
2147197
2856034
873885
3778522
306635
1950886
1200957
1126781
685042
3977202
2810509
1724629
1313336
2511476
3970242
246578
1096621
1356593
745686
437496
823527
1236661
1979814
1848287
2320845
2629035
582690
2798050
2239005
302654
2722658
1510444
2635189
1008384
2254992
1484517
1568542
274144
2913366
291201
2446991
344337
1422095
1781048
446654
2583793
768847
640277
2924260
1810875
1229270
344821
229733
2910986
3169476
374971
785891
801811
1952387
473075
3575322
3326165
3650337
3146960
845808
1391422
2675547
3100205
2061333
38821
3228482
2396369
28555
2371990
3435155
2197729
534838
1740743
2826879
2869856
2655648
190128
721315
2734192
1621105
939333
1975253
2297633
3003489
1956493
2406459
3152127
758518
2819433
1709003
2609328
2784408
2116663
533841
1949980
3147031
3877529
2942686
408771
3291711
2281961
908258
2444620
1688161
2756553
2481572
3108616
1967177
1581505
322412
711938
2983232
2438763
602370
1293986
1787090
2137892
1855043
2030175
2754069
2994288
3425754
3278141
3985398
215486
2280821
1197882
1906719
1671396
2917688
705316
828592
3340644
819884
410705
2297185
3526633
1872576
239169
3652060
529068
963886
1991186
3430805
667539
2736934
379256
2031936
186394
594914
3300034
1603936
3486207
2702979
3514201
141156
1928658
709863
1135604
1398300
3832377
2466068
1455826
4008289
1594134
3208807
1029687
1005896
1703129
3264625
1183171
2346489
3519276
2186861
3049793
2364762
1296370
1697017
2283950
2794509
1092783
2984120
3001827
2593779
3799442
2823783
3742005
937476
2714705
926524
1407973
964788
1053283
2987804
1703679
3980530
3764797
1772493
2283116
2193580
1609537
1311620
1761608
2357442
2314702
2332787
2903767
1229268
478281
1906228
833260
58324
1702004
925477
73041
446907
1720759
106403
3332125
2137819
1632110
2938065
2439880
377980
593713
1662105
3459880
3119159
1087783
3837082
2384191
1623989
432321
2925059
1343017
3880448
2251221
3591512
1240229
3136413
2255600
3447416
1300625
3088127
3047760
1103654
3795180
3445898
2247268
1262996
1074140
131250
203161
1684404
1670117
3889085
701544
1954850
3744050
2314923
2869665
3170680
3038447
2213143
1822769
292092
1680475
241507
931352
872447
889818
3786804
2524327
1389406
218284
2757821
1083322
2625632
569594
798140
2678099
2433069
1268169
3004306
1311778
1639281
999546
562164
3433450
3138135
2074458
2903546
3795197
3806106
1849180
2386689
3572393
699442
849073
749657
64701
1510900
301520
3557787
2557428
2325733
1971038
1336044
3494926
2108071
3295674
1925724
263549
3304696
2916904
68464
2605895
3585458
1250986
3644595
1223958
3139281
992224
772179
3114423
1978737
2965212
3453642
673267
2255309
2735750
3414721
3468830
1619202
2749270
3168359
435737
1608675
813488
2470247
2131238
2352448
933760
853236
1870263
396314
2368730
3098113
1761065
2074250
648091
1398020
314235
208063
2723104
3051840
3092932
139477
1814221
3375692
612255
631682
1018371
2651778
1984033
947807
968353
3621405
3912410
257287
2547599
198733
1722816
791548
657999
2450132
1344009
1256357
2486166
926180
3884804
3417817
2072054
921478
1132622
1398822
816927
1157939
2812206
2951503
2530310
2037206
997991
1172632
1641255
3815504
1978090
3385491
2906729
176139
1573267
612819
3828268
3061446
1869778
3982094
500125
2172767
2778125
1166579
1900903
3381355
120341
2485966
3533611
1807747
2607596
3758166
2067992
805779
1034176
3793711
3624919
1935227
301509
1484870
2701096
1964199
3977707
3407613
1876936
1115844
3756005
3415100
873685
782600
3813873
2155596
134747
3501084
574963
3635137
2607214
1446365
1233422
3010651
2332032
651304
2544980
2683561
1532798
3869852
438670
788035
2185163
3092680
977187
2785325
740122
1931790
2817757
2598644
3384416
235388
623824
861400
3049549
2078099
1425105
2522773
3211064
2089639
3084286
639976
1521157
691406
3746595
3818506
2524108
346163
978681
534246
2021941
1599231
3043069
161404
2017108
2234587
2633640
3216210
3282551
1090647
1953579
1074824
1260099
3592070
2044544
1671219
1938317
3370640
2284249
2232643
3037225
3175328
925541
3876844
2327106
3681766
291419
3513122
2629440
3953405
2188042
3263627
1716737
2548850
353030
2723730
215854
2545134
1281555
3979159
3095681
3593472
3953027
3835834
1144308
2387341
3499535
712243
1786055
1485250
2944016
3180295
885196
1931405
135662
1102989
8491
365923
263193
3173011
82645
1531138
3199664
2122569
1216490
2238677
2256840
1907289
915666
1223856
1090307
1761725
1564361
1266444
183766
3420595
1105042
267906
1320595
1513420
3593552
850661
3182632
2649263
3152660
3727948
152944
2848997
1575145
1102332
2613075
794754
1090218
533999
778924
2897260
671296
3554023
3254784
3008232
429709
8237
1078824
1807838
349072
2321488
1912437
685531
3192143
3752366
2149778
3637785
1972652
3450675
1591763
489677
49603
1148055
1106224
3346045
771626
163284
1553456
3720327
2452035
2825846
3750416
2299012
1775845
3214065
941002
4012629
1897050
3335270
510986
1137639
3368534
3624404
3851328
1177413
3860654
1436226
2278612
2480328
756598
1000431
3998415
1585392
3938499
3173995
199009
2514552
3490487
952724
1472403
1143667
1352411
3361722
2118689
1011493
3547708
1518676
1816593
2346302
558409
1884739
1523059
361329
3217223
2323472
1980687
470556
267077
2303295
2701338
3599136
15585
3467313
3172160
2594329
2265593
964616
1026254
3100775
2094021
3120758
3926015
61167
2033583
3830669
2419299
35963
2357661
1820331
3166319
2422845
4016313
687861
2865769
857634
600590
2593552
2088985
988102
310084
3928517
3969043
1780894
23991
1189905
1173019
556633
4028907
1944659
1249714
3791448
938526
3465684
1812487
3002793
2810591
3906030
3238622
3064292
355366
1816933
3748257
1485517
38066
3517847
3733580
3543666
2934692
1650567
1842812
3435301
2870286
1009892
3064492
3002177
2986715
3490092
2231273
3505125
2857926
426532
405986
582514
2853578
1989045
1834950
879561
1584143
231951
2964569
868877
2704279
2189859
3530204
3365836
3001840
1801143
755120
580479
1392046
3329198
2642829
309795
3936164
1326316
3411735
901247
3726322
2072369
1474934
1546845
3521263
2450503
2573779
1982722
3821589
1099244
1658461
302425
81081
1539847
3853263
1113811
2482077
776759
3599660
3620175
2258030
2391579
296622
635631
3707563
2793266
1452253
627925
2416555
1676925
3207602
3836650
734204
1319741
3425706
354079
3850387
3107834
1059121
370830
35100
2295598
897041
3475564
660762
2913943
3326345
3274761
1250980
1947637
1818357
3331464
324766
930873
3496896
2335709
3162609
2663791
2324783
1287210
1551471
42258
32055
92691
51700
1148655
2854900
130681
1846272
3809262
1725207
629026
2651100
894417
113669
583047
2148977
2396224
3038105
2932580
2809304
1857520
1549735
286156
1269646
1639474
2089555
307707
1024244
816250
1896659
129756
3691510
362601
2050028
2276034
1669927
3847201
3953944
2803368
1451423
1430877
2725275
2632818
766605
1208344
3157299
1135479
668710
689256
2544991
316037
972567
649192
3807864
3224528
3029341
3781081
812184
853881
1819543
2107905
1096032
543240
3826235
3538591
3980330
1367014
2938783
1622368
711140
3147447
2614930
2667602
3396602
61285
2382983
2301580
2739169
2054201
864877
974287
1482495
2016691
1600746
2909479
3053301
3430924
3194146
2464763
3072033
20952
1931730
3630783
3343139
2957875
433919
1563881
121261
1490913
3200630
2816887
618465
1603029
1157924
2981771
2756773
883136
2150771
1415796
335119
312549
3416496
2646021
1162998
3151063
102051
2701120
3982248
736935
305469
1743434
3948761
2733519
776302
1117796
3871191
3645212
29116
1082950
2453017
3130399
703681
1260868
1799049
2004716
1519954
3584827
2244247
1911868
1262714
1207122
2105344
3892846
40471
3216330
3006846
1011391
2038691
3022118
2381587
594085
2946602
1590566
1324394
3098435
2164407
27623
573537
561255
796930
1476724
502195
2515703
929849
705043
1428481
3860331
1189248
1343343
1422570
1391890
1516020
1341379
3046697
565863
832964
3884045
1264430
843742
3175713
1962040
1564749
1792409
3990831
2833420
3490892
1801456
3845783
2235082
1773155
1564791
2002513
1786780
3670468
403654
894667
2877356
1296628
3281662
2798831
1917292
3437392
2508573
1673929
7072
2949562
3473485
1405240
3276153
784373
1162007
1520135
3287091
725185
2441866
2110126
3915666
169837
36769
2450924
263480
2339800
389361
1149563
638583
2236126
923495
2009114
433317
2436552
1924891
1894072
3074093
2211161
982093
559613
2800027
3427134
458237
3468226
1365458
3911644
2305816
1011460
461002
2156047
2197139
2844901
903304
2394410
2250361
693973
652881
2742096
3800215
3392492
1399530
3339689
1932288
3075587
1778649
1237863
746630
2925559
324152
179665
1727179
3386431
792525
1940240
1190311
3772124
1922984
1433634
2707486
1734839
3559031
2500912
387871
3726596
1608843
2746097
1020023
3934251
3467734
3498553
1682025
1585300
3557716
3208089
905365
1268471
2490958
4011362
877022
2691073
1452790
2514306
777176
323046
1779302
1142643
3525979
3279427
3895467
2125949
2331409
434170
1954574
2585779
2213367
600211
3272937
4003466
387370
1690400
1277170
311508
537514
1627263
1986818
1055638
3576530
1044379
1753940
1394306
3438633
2871800
3092563
2280996
3723817
3785455
1309662
1507030
280681
2376373
1698860
2623430
3792868
1555447
3815507
2375885
1820205
1696929
255194
2086113
3565425
3072321
1788196
2825869
2866961
1071147
749178
1704567
3379066
3705070
2841207
159954
1957729
4004903
14631
3034044
3814792
661764
1082957
2296516
452807
3267609
397961
1206206
2754577
220142
3610232
2762449
1651466
286780
608841
978316
1349673
1483222
3112453
2506346
923492
2186926
1234084
595484
3843835
2002276
3368585
1198957
305206
3372589
3617047
1374203
3913974
3770152
1409460
3939734
3323354
2981125
1724485
1457387
3991786
3395952
3585384
2599176
254373
3120540
1515524
2049720
3826817
2902247
2600342
579400
4020855
1493697
3147524
1853337
3518851
1947082
3671404
3106389
328282
3441001
2941292
701778
3547399
2762557
3738492
231146
1538224
2772755
1800337
177203
1654881
1075683
3897002
3496355
3619401
1103553
1945939
3025160
2685718
312288
1791600
2192247
21705
1237657
3224984
2136046
1430908
498654
3828264
171686
737298
439381
768117
2269962
595463
2430040
1115096
4023758
939329
2263819
3434941
2678433
1319685
2716813
143179
3432562
907471
2831294
1560429
697497
2074079
726350
3662633
3871059
4002470
3458289
1311232
3604508
162489
2469917
1890568
1865621
98665
436929
208358
3485445
29249
2184554
3252898
1578399
995339
2885571
1675660
11434
1992960
51363
3872023
3913115
102385
3276742
3558845
1452880
2452086
1404240
1082192
702091
2931332
1687911
1162619
837101
1365535
3932839
3388778
3252346
595064
163310
2317436
3032267
2364522
2210427
1798681
798839
38637
3366516
1187198
118806
3056322
1062356
138761
3905768
3618124
3674492
2380094
878232
1922445
3107023
3391037
810386
1108303
3691345
897822
897129
3462774
3108536
3238511
2728641
509673
2496254
3297548
627173
3918704
538887
2973588
847221
2628971
2957707
1057202
3833775
1699470
627007
2106319
1981585
763874
3672
3792015
2638608
3294120
754557
440742
3399366
2495342
2133316
12202
3504654
395669
2593050
3530897
3797995
2350824
327074
1701617
2626187
1270151
1623436
503679
1138369
2905325
4022271
2914187
1085593
296332
3080315
207888
1183823
1132434
926974
3361505
104964
883326
1931201
1422960
3296040
2814406
2256819
68670
2591470
880810
6864
3057945
3136500
886713
2160565
538561
763941
460260
3257826
1110769
3708862
2404191
3975960
2281600
3791731
2214700
379695
92051
2353443
3040992
349466
1519906
973206
1762851
2327866
3475088
1256120
3816197
2990352
1593224
3422824
2349009
653964
1013519
2554469
2017802
829651
3377355
583336
2343886
2884381
1235054
3690301
3357446
1794323
3649531
3395426
1576844
1289200
344721
1671046
918201
456289
2395017
488258
3071967
3914353
2449536
3086462
3914020
2537438
3403176
2829043
1914746
3794705
2406728
2940924
3889327
2703726
1114003
1514650
3408074
1963385
1059361
2113451
606610
2083354
378890
3872975
1160903
2674552
2191721
1787740
2476031
827486
128922
1449142
2814632
1144351
3416853
2473185
1332882
1586724
3985962
883516
3308643
2541545
815681
772788
3611196
3894594
1940531
1132933
2916156
815847
679934
3535828
1155112
874139
1200418
2253427
2914376
1188512
2563413
3677466
1469708
3239776
3898740
2594820
1740204
343021
1688784
1842879
3104455
1984487
3669259
544813
123620
3221910
3417097
2206391
56859
2820296
2460741
877409
847580
1494779
775669
1607092
3558962
382268
2218477
2239023
781582
2630722
3546471
1306957
2252073
3368453
1534300
3623
2356140
276297
3967194
3052897
4012326
3941108
1333490
2977170
2040792
2228424
1143505
2020951
1831841
1924298
2766768
230731
148547
1037656
3637892
3559381
2175717
2393668
1643739
926472
115228
733854
3579475
1168920
3135536
2858165
2166135
2186681
1841839
146794
2869602
753364
3240801
56339
2699212
2343972
634740
150677
2842203
3700839
3462878
278625
1214633
2553639
1177057
46676
2543015
424026
1859836
831756
1908625
3821337
1410099
2021415
2786
2036840
3817290
2108058
694618
2415373
3652798
773556
647916
2938795
2114975
1555767
3733562
1112145
2572421
3331785
4009803
2812020
521141
3582495
3234478
2577006
1045565
1396568
3625241
1950742
381089
3000704
3380805
3680938
2280262
2728756
580669
836729
933382
2602766
573053
2577646
3267620
2404688
3579652
1880980
329757
3072648
1155939
2172966
641261
1750745
3701619
3927625
1132472
3708977
2291303
1870173
3667948
2002595
2793616
3255901
1865332
1321024
1064199
3826440
2776926
386915
2654617
261346
2652977
1034359
664531
1661012
1352646
2178293
3400780
2204185
909787
2851384
1240866
3368601
148530
3412908
557296
1471593
1800329
1633891
2087615
238475
3223226
357059
616092
3605535
3965090
3196210
2006669
1287559
692380
2020087
2861917
3431029
2968744
2338808
1023864
1496955
568674
486490
442565
1305497
1524238
2082293
900898
1569486
542186
628665
1134401
3948966
3856509
702698
2142319
3734550
2371234
2004970
1435725
3613045
2020730
891368
151712
4014360
2452646
3551857
2365742
2896176
1034783
1182627
3946064
2292111
2569482
3358325
3923340
2793310
3663187
1984477
3297875
2360115
2750489
387699
2924056
571539
2081670
1991942
3266919
1808153
1454140
3724473
630648
3065349
2428423
199182
342475
2527570
3185042
2239926
2746231
321803
3324683
1900536
3462032
3655338
1049175
1724094
727613
951441
1264711
555874
3684379
3102542
3595646
2773806
546545
3659264
2570326
97901
2521301
2846869
1397575
2440410
51791
173879
3312043
2562114
1207936
3426904
2202540
3558576
3126083
3457284
3344281
1012310
2823282
1546158
1836332
644664
797274
1027628
2989771
3321427
1179132
3620892
475424
1868927
1375823
3359727
1962599
953241
3773960
1400897
842237
954151
374233
2167903
2861332
2116568
2383666
1794941
3613262
3708081
410448
2639960
2763236
1427746
1999868
3944024
153287
458865
492337
3656421
3669997
958418
3605890
823301
3259974
1386747
2568142
1162070
2396318
2403389
1185652
608678
2457818
1108515
2217999
1215106
1821213
470934
2813178
3566054
248924
2334343
365674
1226285
1544748
2460408
3319398
2032387
1564383
2622479
2530913
3583602
2484391
625191
635464
146518
3618792
208156
2690612
1787061
3246242
400621
739630
3164096
1263591
1025112
3700307
1312577
3624002
3688959
3027588
459338
3561784
1099285
3153885
404796
3990452
3326039
2761024
942703
1082146
2448455
37234
2558221
1420556
952506
3161201
1609978
3068744
2415514
1511071
319403
2086447
3663735
1418667
2473102
2041583
1096467
3606219
1939850
3287453
431559
41185
279651
3176637
145693
916168
540465
2040323
814356
1864139
3323389
3642020
3652293
1009493
1040312
788475
1055573
1624898
196951
1751247
745647
3674442
2359498
2739599
2476022
791250
89322
2107147
906615
1247444
1448089
1201537
609107
149312
1936814
3037221
2611147
371633
2976177
191011
3590551
3785738
97033
712560
634227
2923187
303572
439823
2977254
3234079
2655471
1463803
1749653
2834394
23695
1668441
969877
3500116
1602665
2370802
378510
3357680
662276
580092
2162134
1679303
2057
2769473
3164743
1739674
1249893
3479134
1886903
3085442
1955412
1801317
839874
1567315
2885795
1889314
410002
1673581
2047026
3413335
114080
3052158
3144349
3407118
1299393
3042077
3034632
2807958
2273762
702633
96526
3867058
3628406
2375728
3910148
1835002
663880
421449
2762360
2669903
2894841
2694937
2253198
1388413
1027208
3441363
237856
371405
46050
1607546
61098
2297252
88743
1689414
672387
793542
2675732
1713875
700096
1398660
1350143
2161710
811757
1767146
385423
1988011
1041829
1221149
1981351
3982027
3129368
2112341
3827932
1574391
3167295
1420885
3857558
428515
3705602
3716949
59761
2011631
3268120
1759775
2622707
2317117
1135722
1898772
791702
545150
2178557
2017872
2420255
1748098
547566
737524
1859450
1299941
765745
2685243
3414626
3771836
1891877
145467
4016154
235690
2041575
2963383
3782390
1773098
1175331
117212
2374620
2721099
3402833
1144968
3384482
3872834
3902122
54889
2675308
2593947
3573935
3735453
2975251
1978770
2577825
3759220
2388942
95916
930970
1063232
2904194
1796632
2197279
9130
3625226
2877437
3066783
3477703
4874
1225305
927388
2273728
3815089
3681441
3825263
2996082
2476608
2445789
2693376
2282456
2449698
2360132
1668300
1867374
178490
4016336
1864381
4968
3374512
766509
700378
3323854
3383398
1955451
785441
2475070
1432235
398329
1281807
4016550
1232567
940917
217318
1616243
3386519
3204324
2013966
3748840
3812836
3371097
1809388
3800873
3862511
3050451
498408
1907431
859585
3587068
422984
3988971
3883005
3472003
1181124
1739745
574822
790930
3872830
1399629
394116
3383559
887335
2939746
628321
1002832
3314257
1493408
322286
1462589
2199814
278763
1275244
3104241
525718
1349812
922504
3145013
3740847
1614336
3913470
1807505
1293855
2868514
2097689
793018
3504022
3123921
2554177
3569777
1028528
103958
481
292699
1933483
12432
797663
53772
1574176
1502537
3791389
1212866
1158455
1374188
2135725
2329460
1250795
2749793
2115526
780036
1081324
2396268
4029675
3231016
3790586
1526570
3225887
791186
11101
3247096
2536645
3409850
2495553
245766
2880832
3843725
1943220
2323321
2503683
191010
1247558
2120763
62584
3597928
743131
845861
3867539
1770891
3166957
3906613
1079580
1706233
856704
3102657
64929
3236545
842936
1766580
2865791
3153312
2778549
2282879
1348438
793362
124028
2178628
719862
1169723
3506052
2905786
1625056
2798379
343132
329274
3526796
2183828
699292
1664954
3707156
3994800
2875264
2916356
799747
3121719
1827321
1145433
412905
29748
707766
153024
2504429
1323034
2996042
311419
1452130
696286
3654910
3131481
275587
3709024
1079045
762610
1648734
2376395
444307
3556697
1276091
1220134
2196838
724494
3294831
2154528
664943
411596
1937553
2040283
2786200
392591
3017483
2425336
1600761
2858157
1984952
544872
3606226
129926
1742670
2987934
3624860
3207951
1749185
3655287
3285459
3530201
865181
3053330
3320428
741545
63527
2121441
888681
1198177
3378284
111470
3080367
658955
2002505
348552
1350599
1627970
3621537
3046706
2942788
806004
3168794
1503449
2398353
3929030
2059344
3415380
3309555
1818409
2414243
2715591
2308631
1246872
3784303
3557464
3670467
526929
2780978
1140839
3472810
3714350
1777999
31589
469071
2631090
3042010
1823926
673350
904185
1890393
308336
3882283
2926894
71000
27136
355872
3575943
644391
2616807
3466035
2120272
682052
2435068
1986869
3291540
1093118
285004
1673755
1090874
1522340
1861349
3018983
3707274
615101
310103
3235760
4016508
3698045
2425420
655144
1619159
834303
3911938
2851550
1505787
3961236
519781
3289849
2670561
153676
752027
1089423
3707770
1909995
502594
2283044
2447829
2869022
2943228
3487697
1237910
3898465
519547
1166746
2402887
1980587
2103863
3796466
3291178
1287943
1474890
3190481
1505375
1221176
3235628
3679374
207100
3326257
438736
2431698
580388
15373
1902937
921146
3795301
2863707
259163
1729622
495094
928782
3208099
742579
1492400
732198
764621
3661607
2480212
2634307
2903484
2420653
227478
2305037
1126573
3170900
160919
2266884
530747
3364299
467313
1623899
216498
991113
2054296
933838
3665557
51748
3976034
3893422
1479671
2537790
1212573
2252305
706366
3870480
2838188
424033
936839
2853991
809664
2049028
3055782
3060869
3596308
3976409
2216307
3879587
3170750
2082132
2381274
148081
3827942
787134
2122549
1896543
602914
2873247
3244170
2535333
1732699
2277168
3735934
561577
1786493
1272843
1486497
3963866
2096937
1392160
1546255
1631744
1734474
1936951
2517933
2446022
1500906
1775604
1175338
3601837
1666511
2760216
1335856
1576638
45961
3528005
2736984
1420092
1474923
2724099
3135019
73665
2287044
2122054
2621500
1243661
1592943
1306350
957068
2310210
1299275
3037917
1996123
1604424
611322
1770996
435506
3959145
1878534
2587371
178988
1547391
580861
2614847
244838
1857699
3544748
997044
1623697
3691445
3578937
3640575
1488953
2618983
3663476
1104715
2900905
517569
2018758
547169
3022962
3076617
2581020
1558506
386592
2071364
1639898
2730289
3213120
2288946
3172424
283736
2810894
1698390
3438370
1459241
1188190
2759959
2029289
3702912
1938335
1836455
2309013
2730206
3854111
2107636
2766083
3464647
423839
176517
1621609
183389
1652428
3368019
3432391
2559186
629185
2591819
136572
3687131
3995321
9397
3091486
328049
3787209
175250
3695454
1731054
1864603
1474349
3161063
2852873
2404779
504274
1608135
2053801
1642881
3266015
3085556
2808185
1380178
3052825
1730205
2454556
3942641
1025109
708638
3143339
2850631
2080156
581280
386169
642994
1629202
3586928
2610993
3557175
1455727
3393874
810325
2854652
2814929
2238027
1407909
2301660
3935067
1974059
1706961
1834136
3781930
1141769
2433867
1996385
4009221
958140
2416906
3480444
295814
3069524
3304433
37619
2180330
1707772
793475
1988920
1434579
2717655
3216181
4022235
87676
2825815
576028
3308050
3513510
1469183
3195040
2716862
1221657
2238684
2926823
3440473
142840
2683571
2742013
3972580
1383784
1234813
3445824
2089788
1464087
150788
1917744
767168
1638560
3251421
4029732
3781777
2230554
3932758
1436419
538965
2593565
1291293
1243393
935203
833463
2603739
3018718
2186605
3879733
2533970
3677015
2561103
2458373
1028926
3667944
3589321
1401911
337839
1960973
2630370
3103333
1480785
1373958
3715221
2443471
2124246
720234
183767
1572040
1607649
2528396
3632425
2276389
298581
3198171
1462939
301793
2510488
1493461
3716975
3234144
3777326
3366406
94458
2231242
1900587
1012631
3416513
3190283
3782788
135873
2084194
2821809
3544615
1447765
358827
4016015
2946269
593752
2765901
3638996
2237954
1929764
3533452
1344374
3101057
3535420
1703636
275689
1036582
2666373
3979222
989741
3455261
3055666
300333
295482
141387
3967171
113359
3061710
1987875
2573436
919483
3472658
145760
319444
1597677
2701687
1571657
71799
2229129
1285894
1943366
2035823
629828
260000
3855550
52973
114611
126766
360482
3611280
2029238
3402908
1313851
3481454
1036480
3516992
1076202
2524695
3297919
2199211
2281395
606896
965685
3729122
2429381
76864
3744972
2162930
2604669
2121838
1995908
1646626
2803913
1944210
2740039
2688674
1574621
3310265
3442527
1755206
2045165
458021
1838947
3575084
2847643
497449
1519780
3254447
2211612
2054884
1000623
919961
3358944
3513039
1563679
3842655
1568931
1320810
1844733
3313772
1349730
2821458
694947
1395209
2556058
2516149
1187692
1608885
557330
3700868
2303740
579388
2288620
50340
3640640
36637
3981469
1786633
338140
3379877
770535
2423132
1334194
189619
1146307
1228491
684022
3293364
1598319
1568117
602455
479179
3401667
71226
2410873
1568487
1393846
2108129
1758847
2125060
1672317
585939
1486338
1984473
453796
491835
2053331
3110359
1422123
900987
2719308
3048389
1004062
1992220
2343223
1603766
2394787
401676
2001056
515652
3975155
1828098
2503257
890678
2253994
86932
2969870
2497312
268071
2033344
441029
780957
1900097
3996719
2704888
619469
249641
3401229
23102
2511125
877718
1626328
2900180
1205135
3146708
3824726
2165983
255205
3811018
1766044
3745006
242374
1432951
1771960
275960
892340
3552462
2761441
1047122
932700
2350998
4035770
2911949
3624129
215177
1492014
611479
2119920
3249950
2808211
228927
3373001
1164306
3810867
2239098
3419282
181050
2513021
1243630
2805924
3884589
560053
3487447
1014056
3479576
3346027
3322690
425704
1114669
2778895
2306337
3812572
3011278
2151575
724665
3909295
3842862
146509
1533364
1075534
2489720
526865
1215109
3001318
504979
2713850
1018805
209972
2465064
3851919
639769
3865491
2059705
2049432
3851474
3584376
2744142
2947622
2218842
112824
1228591
1945858
2080303
513507
2251816
3392119
3844131
106008
1883237
3598828
3187908
3811133
836077
170624
2184132
1181719
1479636
154419
1286264
60297
822540
388838
941120
3704415
550604
3108581
1472471
3270246
219165
279763
76283
2858321
2428029
902166
2515027
624795
870715
161878
2138356
1773495
3256295
359309
3364523
1905757
1500453
3210861
1926736
3131731
29285
2973060
3024425
163205
3627616
3288607
2503563
3070595
1519372
3502061
3758254
2104301
3039144
3093636
3103810
1144262
1575728
3752263
2118856
1594933
368502
366180
2697426
1430948
3893056
3218031
1656535
2934029
49700
223479
361886
926901
3947163
3450212
2713109
946153
2113505
3972918
127193
3342177
628222
1429516
2749553
2389998
1728688
3025873
2079336
3216334
1355680
1232404
3286966
2382942
708443
2685413
610267
240439
2368200
1536087
1310075
2436960
577547
1070986
1609387
3016543
3240371
1461637
693500
3975122
3452288
3442015
3863208
1279522
2810199
2820490
3508781
3784142
548147
578601
1944910
3008093
3582147
469428
3505244
3724291
231471
1423139
2226885
1237471
1432658
2120949
641637
2742568
66479
1669471
2470765
1040857
1238845
1884894
2570550
2125841
3006679
1123910
969815
2767590
2036447
3771114
3994727
2109247
3760797
3881061
2329526
171836
2359985
3880389
1550459
1190904
3142774
1046930
421923
1202671
2927164
368228
724135
2432225
3058878
439263
3904491
2003986
849039
2646814
869585
864623
3102903
3315066
1147463
798105
99541
2780668
2123196
489789
3058724
2738367
3366902
1815679
640910
3198170
722377
2931072
234962
2325725
969689
3859151
1742913
3125823
3392921
2776541
3731930
1760139
3535502
3889709
211975
16654
961770
1974083
545774
1454289
724906
1290560
2040489
3353594
518246
795617
151787
796175
272252
2676134
3158661
3466851
1696575
2930274
3495289
901620
3325492
1486625
2527950
2335813
810718
3697431
1766107
2290030
139531
971644
1588024
3739290
2090150
2716803
2640658
894248
3503590
2289853
3132239
1442983
3959868
2082243
1340178
3723514
2374192
3360400
1806908
954249
1720237
3764564
1473685
151065
1872527
2714913
214865
1334622
3772232
1563537
1240131
3240070
784823
3954900
2280401
3873527
3150884
1527750
541542
160009
3149452
2800170
915579
3000998
2326566
158963
2117458
3035174
1510594
894214
1849603
164360
642072
210606
2459060
3248887
3779041
1921999
1737085
150243
930991
2065392
2665484
3992559
3530274
2699434
3675369
3922808
1005276
3532434
3124888
546365
892594
812093
719636
1124608
3970229
71252
2598410
2272842
106426
3125740
1728612
935126
2773993
2198705
179155
1334711
2834569
2606109
810398
3962084
3140244
391142
2624335
1674459
2434661
1875091
3874282
3374634
107820
910601
3225636
3420823
3626283
3363632
672106
1706027
2116947
1853363
3034758
2565319
2195491
2065060
842573
4019481
1636145
1117271
3850458
706920
2699882
3018019
2052357
490648
2838239
1995853
1192499
1048765
2230160
78359
1634699
3247560
2123597
3130351
928327
2972654
1160560
2814513
2026028
1418960
2844592
1129001
3430334
1242185
1631237
2319028
81509
4016068
2962898
579562
3335807
736738
1293477
2432413
768187
2948238
1890119
3238174
201706
1732383
1372292
2368773
2080989
1526247
2687239
1853122
2416708
3197456
2599203
3284336
3325428
1583618
2621191
741232
1665615
525312
884411
11206
232226
1413621
1443823
2532761
2609066
1571318
1165872
1518321
3983841
3002050
2172869
1649304
1608212
2699472
3886776
1807793
410665
874994
2912368
2645270
2498967
647039
2465360
1057959
1473174
2500474
1144438
3780437
3133238
89190
2093223
768006
1186838
1854583
9068
954184
3615541
3523084
3584128
524256
1325550
3263062
509898
2070640
3385584
1115251
3684186
3067659
667855
759421
4031294
1736835
360253
3928083
3208973
3209814
590199
2015965
1101668
314371
2379244
1557404
3963555
2842603
1537932
3556671
2406095
1366962
1712279
794037
3701296
2723219
175515
4026374
573653
689521
720340
1383650
2857569
2569925
704020
2327154
795967
1228548
3944755
1859336
3571218
3632856
920873
910600
3380458
1253947
2209336
3472915
3493461
2101273
2019089
1057732
2171785
794807
1287911
579584
2509244
3467352
2709389
513765
3369659
1270288
58074
1314563
1951484
3318544
3862853
2143447
3854430
3381872
3710608
2816857
787144
785700
1093890
854801
291954
2552014
2084010
3006915
2900088
2915287
79939
3955304
3523838
3147400
210693
1422907
522442
2874959
1446159
3634308
2904925
186579
214863
3582410
1024433
1697425
485211
113860
4022313
3241565
940413
1073763
508748
5135
336435
202886
801564
3504998
1125013
1577025
1015573
2381882
1359395
2615182
38957
2944081
1595277
44054
3944625
3940052
4006183
1579289
3638222
1727444
2189729
2394642
3778306
3284867
3187771
3711694
3513276
2152717
283031
3107452
2110971
3405369
1596830
2237792
390668
1222781
555036
2595232
2223761
2377856
297273
2774593
1449376
956272
1418557
1068345
143775
2417389
2379721
6658
2821460
1695825
2412177
3840124
2401904
2648456
1687013
1432663
2387190
2370166
3353842
2089720
3199204
604080
1210187
13049
3146314
3812711
3833389
3638202
672481
1970119
747255
1456092
1804283
787256
1647561
882546
2670048
2348842
3610362
3435721
3644288
3832479
88447
1159150
902325
1652254
1542404
2877894
2579388
3181676
407966
2125310
2993428
2120223
2142971
581475
1287773
661120
610500
3908133
3375451
2281803
1457965
3025355
1052939
2963717
2135291
2607849
3370214
801964
2214154
899105
3323533
3662542
2690925
788387
1156206
365185
1166479
1621004
840256
1918700
1686534
2503202
3524991
2970249
50675
2372373
1961453
1142015
53077
2191674
2869692
2500106
1144498
1236955
2320448
1796525
504427
2223833
3698596
154411
3071943
1138883
462312
796546
2008760
1934102
1395269
1963806
274031
366488
3439036
549382
2193062
3179270
2414758
555345
1510734
363933
3774569
96835
3806753
1087328
2708878
1065198
1250112
3626956
627240
1167004
1927206
1706613
637820
3857459
1011838
3754729
893331
3073414
2976898
3490548
3195188
339294
100205
3072834
272718
73989
1724532
811406
1489424
3961706
3825261
3356821
1877509
3151361
1035123
2205133
3313764
2820660
69148
1497095
474608
2667105
3215967
2373581
1099729
810438
1519275
3817701
1840178
1922951
3020135
3344828
1993637
4007145
3384005
1279204
193025
2251166
884857
3960788
3138948
2674619
1758959
22073
3371071
3278660
1254879
3969834
2123565
3674788
1189719
441930
716628
162145
1998906
1824265
331235
375068
3744612
3983092
2462688
2036416
373462
322097
3860734
1825934
1143476
1225660
3865821
318933
678488
452482
976405
2071485
1917390
1824933
3048220
1959282
91844
297304
9660
228401
2289996
1077782
3892584
2529268
2817792
1260798
3757137
377320
1301890
2512177
3611388
3056241
3051154
3497156
1548835
945157
3410677
549331
2850483
2290913
721005
669640
2984106
1124693
3400864
2930622
2879752
565571
1007310
2965715
1650771
1253651
2034399
349627
1888135
162271
1732730
3294226
736249
1352629
2335797
3774017
1693000
1210169
2652107
2174754
2617870
2713898
1450319
2005899
2972829
1487425
3633331
3530601
756891
1362998
778284
809103
242404
986787
3287939
3735595
1293835
3128730
724848
1824059
1931209
1890117
1022741
3337943
3163302
1416892
3605636
2650247
1756496
3748161
2470593
2018581
852714
3744506
3497954
238562
1381707
2977404
2967131
787770
1231748
1118745
697995
1571200
3354569
786319
821674
1389942
2437788
49896
1262110
2815371
3359840
2813016
804066
620934
3779961
425599
3106930
1904989
148306
176977
3536248
1645317
1347400
1215653
1260210
859563
3781093
976564
3117506
3620883
3435845
3329018
1390871
2169997
1029694
2654739
3492567
2095972
3965658
231800
3684754
633673
2331238
3787066
3109048
1316756
905836
2432914
3830042
29032
2710353
3717107
721601
1072874
3507575
2873227
2881572
261957
2403584
3369588
2784027
1263562
3318162
430378
2876944
2952332
1164830
345834
1763508
2237960
1775675
3262992
1615973
1975528
1802570
1464059
729645
2883768
253880
3487684
3019680
2955506
3808165
564380
3132630
913662
3770336
1437436
2433917
368595
570062
1761730
2098359
187581
736977
3477073
908823
1112453
1081295
1040203
74541
998768
2313712
721397
838398
1769791
896586
2776545
1735364
728610
2534495
2987238
1368124
2508427
2711907
635847
3861569
453168
309346
151649
603816
3530045
1708084
3941262
2359220
32118
1552522
2781939
840342
2707271
2553404
3933671
226504
637424
3791235
2940223
279516
3394044
2577537
2842061
1831109
1512646
3211704
3654093
1311849
2474480
1128717
1609793
1770470
3769494
91760
2229764
2692049
1601536
2402830
2069378
2009492
1200575
2792890
110190
1308694
3558481
120028
2298775
2483689
1974577
3770288
518354
2884070
3007346
3355499
489332
2417358
2860420
3297083
850236
3842197
2434796
1441696
3670937
2026815
3720359
3247801
2538964
2767757
3836149
3648008
1747503
2509135
3813806
3451639
3554369
855542
2776593
1810063
1765095
3264953
604246
624792
3662756
2912827
2183444
1834162
2142352
3275268
2278787
3429363
1960121
1518382
3583255
398625
1527939
1054848
3598361
3984973
2043552
1735362
3020907
3072272
647844
2097639
1736118
1746292
985277
697633
1663295
295029
808679
2502799
848846
2965084
3052315
1778463
737655
2932022
1265193
381715
3403389
543628
2844780
1826391
3648352
703207
3846745
2593970
3554100
1139945
2999358
1119399
168130
3362183
2502107
1485080
2853483
1524789
1884344
226485
1537615
284309
2133449
839051
2268498
123414
205598
2968223
969032
2918726
2413929
842160
2701573
2835640
852951
1592607
453119
1546306
1094294
2655790
15839
333498
2778472
970424
2729635
2024892
2461515
1896500
3357299
3799038
839774
993869
856520
2076333
4029874
3310764
3419102
111196
3616626
1356566
216263
295863
1477258
2911792
2092785
3570932
437667
1156777
3937158
243996
3099923
3459478
141299
1272659
803616
2828242
1613186
1745448
717985
2721220
3529671
2889745
670777
2766003
2003320
2671065
1417544
1489455
2095996
1972720
2112035
2848922
4033350
2821136
2862076
2389518
725292
2857269
3864023
2312488
3080034
3963512
3388224
2381470
1055004
3037693
2238277
2433464
2084452
1570802
3773260
2211764
782827
2221047
2313504
3132602
1245203
3229422
3866348
131721
3131437
758374
3541883
3624067
2570015
566780
1506375
78428
3484637
3032625
2693616
2403183
1791022
3989444
342065
2047720
2242907
1399101
1089779
2272993
2935322
2221246
834391
1825267
1938270
2187236
2218055
2084445
1168785
2322502
3650209
4031734
3103723
893093
862274
2388374
3129708
1969832
1867102
1786044
3285902
2161597
2087204
2374848
3432967
2771415
326441
2189753
1593919
320067
4018347
3173495
1262717
1143792
3095662
2515744
2563029
487883
1330269
1853523
3150300
1093134
579484
774671
3544005
3330351
3495713
1646573
64531
1697938
2786872
1068619
1898283
1788339
2990280
1333397
2264318
2045211
2223134
3291526
1356581
1223032
524605
1736819
150770
1030821
1844493
2614968
672956
3755912
674713
1044541
299300
1603971
178240
3671060
826239
949515
1024260
881824
2029727
293590
2785136
3412098
2137902
1726982
1905027
1645105
2898411
1689247
2490541
3640203
2172502
272618
1690292
2911134
1199952
3748789
903168
564159
141938
627798
520971
3877289
1496573
2012987
2254964
2511789
2174294
417611
879896
920988
171059
1979107
3637469
3786926
3944553
2829442
2603436
1382105
1053369
300410
2046820
2663200
3963850
1508603
3172829
3604295
3710169
2220640
3792523
1902972
1502325
3639109
598301
617339
3740331
1973375
1809007
1446352
3247100
3800649
3923925
581766
3160875
2885560
4005317
1364324
2288894
2146458
3850304
829270
26888
920639
2201780
3259899
1486448
89320
1585520
3239473
2651663
3699509
3576233
2405279
391771
3154012
3083620
3977601
656588
474597
3556497
3363191
1677368
629522
1572808
4028055
1028339
3053201
3556578
2340785
1073122
358239
2135468
4005154
3728263
2372227
3451259
1072439
2048374
796736
3323894
3693722
171119
1475790
1657868
2190691
362097
125818
2990296
1839720
963278
3757534
3800233
2382559
2536654
486051
3609043
2184032
1960232
830202
1613600
2283015
934960
1013289
37354
417455
3165466
782130
1573151
1564287
372619
3755474
3178745
3215009
3328012
3323298
1675095
93053
682042
764226
1095749
2061411
2326214
3719527
606808
2973750
3402534
3536083
895922
1077173
85188
3844413
1725238
1601962
2824350
2814077
1334765
1612136
2411978
1394951
3644738
2661869
1000339
1945455
1856928
2298667
345176
2939546
3397486
2185272
2856756
2522154
3754914
1907877
866394
2489463
1079977
229229
1431170
314016
4022569
519476
1937150
1074218
1782898
3693676
280430
1871410
3319903
1059843
1535678
1994927
1368274
710802
3283043
47048
1896188
2625571
3905180
134989
3617536
3693765
2645919
3438265
3037618
4032276
2958250
2149417
2327980
1218496
129162
1259192
2004424
1192857
3599008
2647739
3301705
3281159
82022
3965216
2660545
1537811
2875122
2217650
1071874
3023744
3212424
1198268
1568096
78025
3868762
2803096
1313511
2423581
3892620
1794124
212487
3758588
1905606
3186921
1666517
909389
118368
2101057
2134070
1489781
2614938
3035421
210346
2193035
3910359
2574869
3849833
274829
366395
1588637
540791
57526
3619033
2637155
3582271
438733
1669295
1607657
2951811
3578464
1102671
2044596
2486335
605109
2789318
1864748
1238095
318759
890772
3294654
3564348
2902268
1527391
2975884
3160798
746415
3499579
571774
29169
1611211
694045
1772710
291674
2573026
2326474
1747625
2066088
3904955
700145
1401557
3702709
631082
564542
237100
350103
504955
83762
1870085
2013967
1151035
2109847
4020625
1514013
1980692
1590318
1214674
3428721
2380374
3859686
2205925
3870151
17776
3701168
1019915
3317671
1830950
3505449
3824478
3105368
1232933
3809179
1466935
590230
1213285
752550
11819
52911
222615
286583
2094631
2431124
3494901
3433263
834050
1645617
922767
109602
280278
1995869
2016415
3771430
1269694
211575
749454
543994
872730
2434226
1889917
917881
2541015
2017092
2739617
561962
3274034
1661173
2544908
2390813
1667214
2398295
3076313
1927185
2481668
2090597
2786077
3310000
628747
1451656
331899
3299029
2097088
2627122
2421662
1332724
3599987
3558895
3586874
155692
2139126
3704174
967368
1524200
630449
1904301
733179
3193887
3056786
3159516
2245219
1628839
992964
3109900
3145509
1773425
2584992
116055
588613
2915201
593503
3685887
2316812
2696913
734770
317886
2033477
2376950
2870054
1272008
2321217
1817840
2187668
1692432
295304
3850709
1241367
1586199
1832751
3209333
1360168
3332584
984881
2782656
2176549
327409
2041728
174774
2404015
777685
3819711
1335869
1479691
439357
747547
3079518
3664371
3287933
2132321
3139067
3395892
770860
1391474
3731616
2663224
1663577
2608007
2357549
559774
3139462
1495782
1931203
1890507
2394224
277986
2435316
144437
450420
3465023
541263
130343
1544270
2099012
2475450
1057923
3965182
1728930
1677565
3639708
2887617
298821
3164988
3843006
88800
3143732
2065067
2547898
2013702
3421103
3758154
1739841
2140488
1588998
222689
215401
800962
1335158
2747852
1989280
468876
3069581
3727053
444619
3331332
2684133
1049999
3596097
2414702
2343484
2224583
2902601
3588459
3074809
341742
1204674
1009487
612849
1701787
928691
2645996
2961997
1698418
1287498
1760056
2622988
2129884
1478192
2063753
624185
3171889
735170
2707586
2851408
2207876
3931866
2223460
1811413
281292
3888889
3231417
1167589
2895712
3635368
1904116
1246644
2767917
908504
3109056
2174213
60850
3682841
3980758
3723757
1687093
442255
2928321
2567144
3156810
3115718
33818
3097733
1751970
4012030
169418
2480843
2807603
2961486
1245895
1410263
1400106
3897773
3075933
3202012
787857
1075501
3772167
2714502
3649345
2570901
1645067
2664031
249876
2407206
1590994
245231
1726251
339396
770862
2126898
307486
2238810
100427
819537
3187259
3608452
2889342
63250
1296010
180757
2215557
943807
3244532
2874704
1707989
485844
2324711
95470
2756177
1134643
3024875
1613337
3308382
3003958
3507335
2685495
35366
14820
905405
340390
501856
2289358
3539176
25810
1607768
3865917
1256575
1433089
1926193
3703422
926110
679558
3545725
3757270
2425520
442831
1973508
1879228
1650493
2228
1193896
3227950
2262288
2847849
365796
1574674
3875826
796370
1063468
2583765
2419397
3713795
3642692
2186461
357867
3081669
3235764
45375
3158094
3618917
2252608
1748557
1449218
3092053
1150456
1782815
1628720
2676566
1885545
2597856
3717613
1585618
2900562
978383
2896182
764729
384039
2891930
1948289
913079
317245
2306262
3351721
1005641
3070514
1122433
649875
1965856
265385
2083706
1148412
223842
2596905
3200345
1916220
1860263
1671137
941754
1527315
2379027
1225641
2139938
2002589
1229365
1575197
3167512
1384985
4014873
234409
2061084
1629972
407485
569029
2448988
1544964
3039302
3119925
2462453
1846073
2143990
3675250
1826110
2935594
3142417
3851254
1350337
1199398
2555434
2757611
3486994
675179
2565493
1709650
2585628
1722696
1081874
1266788
220769
1145339
272134
185114
3318379
2527358
616580
2352717
1786519
2012525
3522656
1442370
1411551
1510950
2784802
1891051
3238839
2297336
959455
1870462
2353293
83162
1360836
641726
4031816
2888726
1604601
2734631
3355326
3563893
293654
1033310
984099
1949761
2626220
3358947
1698267
1692664
2966516
2685850
2590682
433352
2436587
2689334
3223530
2216776
2313429
3530690
1712369
1037981
3224488
3912779
3097795
3349685
2125697
122462
2874897
3799467
3871324
920864
5918
2820720
1333453
2845341
2535034
518854
2830279
3826111
1227042
3566056
381426
1205238
599131
2818099
3648597
2306975
1444043
2255610
153567
1643152
1920523
1324689
3369165
1982310
3328834
1541332
627035
2064840
2795198
381043
2302047
3185525
3958749
2880473
3127025
753962
3377350
2185682
1707504
2652616
2971079
301223
2643467
3126298
2448280
3567457
3209699
2737141
2244037
3042696
2166256
3563303
3705214
592495
34047
1574997
1681824
1351169
405185
3004254
384639
286888
3605067
522345
2964278
3693661
1957524
1314063
1284693
3655235
666183
2484504
18984
1716202
2548315
3742612
597712
3010067
1273930
934921
3345917
1342682
653859
47752
757434
2072378
2524127
806998
570719
2402039
443692
1833832
171114
3335198
2934551
2023938
2784140
1213941
149423
786349
1700646
1405492
3425031
2481223
1094368
3296308
1950545
3625044
2844296
3968371
1872679
1890371
780887
2060364
2964388
3395854
2544611
3796044
97764
1266632
126329
2359522
3539265
2597637
2125079
287839
298112
1489780
2258250
3460191
588979
1842285
3266645
697955
708228
3087767
2943945
1009674
742576
1045892
2258106
2299198
1236015
977430
795495
3887668
411838
1613779
2343520
2805805
3253461
2693891
3799986
1498834
2115214
3030874
1441019
1194467
2317511
395852
67116
3559936
2634102
3437974
3458520
360537
1420640
2828041
2088385
2632854
628576
2063741
1919655
1293002
2265327
1258573
87451
3775458
1020605
1544528
3157389
3661002
1820970
3900557
4013560
3325269
444108
115372
2341622
204838
2036158
3411459
1613684
2507435
444436
454709
1728561
2725042
1344920
1221436
3522588
2474742
329872
1769493
1691791
468508
733419
1750446
3889111
1557140
3343378
1124410
641579
631306
3529815
869108
1780958
1277581
658482
3668471
2865534
2300519
3478830
1033856
1987460
50006
2425064
1980252
3442324
1368164
3479269
1291320
448934
2334825
2478647
2282118
1223999
2477305
666143
2741289
33990
475729
1646851
3085071
1718762
1595486
3609542
3650634
105412
2077828
772510
3422944
3268849
32854
770327
178209
2499907
868859
1844794
2913397
3611961
2245652
1849490
733936
1812601
2923887
3982349
777173
1077006
1611202
946663
1809595
1648258
970240
2007666
3404794
2295310
754360
1292992
1437318
3327550
2313487
2689004
233757
493727
1552332
2846730
2415264
2785092
3884303
733774
2498156
2997639
3730485
1359943
886852
3006433
1783946
643643
1599032
2508715
3950265
960822
3901108
1456138
1475759
3048168
428553
148841
1638426
1845366
3674927
274564
2801722
118358
241634
767829
1835222
880885
3418316
3426375
3436062
635558
1632039
1564858
1431309
3643760
921415
2302074
892975
3266280
3707881
3566592
2142232
3267870
11329
2917771
1115062
2654572
1691755
1054616
130046
2266586
1788917
2517524
1181082
112690
3143225
50023
820498
1377543
2877401
1017988
999216
3475009
1623093
2393568
790980
3339567
3741806
3484981
3741532
2488226
1543780
1790332
3475104
374182
1844325
3297686
1169196
3997151
2353907
2158720
3186020
1450112
2066492
3104240
2779885
2050502
3838004
3266802
2434689
2906835
3050657
1941173
3232342
807914
2800876
3440742
3259096
3694834
1748655
3844347
2377490
2177442
1674065
513216
1991876
1889146
3862902
377246
1249420
694678
502146
820609
522692
3768960
3505081
299905
766622
715257
900171
2588368
1453967
59656
1812668
3076247
573077
3778253
3014882
1946490
867825
2710333
922831
515871
3226555
422026
2527229
760273
1249488
848841
1754738
3295688
2273201
1458664
554640
2578421
820281
2487632
546035
3087183
796304
2059883
1560674
19183
4035926
3727736
2212763
3414704
659935
3206811
1491220
2696839
1791353
1259638
930902
588870
417914
1917772
2297873
584572
831124
2126979
2959092
1539636
2125197
3142224
1212325
3676754
3190004
2375940
2098569
3636997
3369899
1428302
3236350
2802112
3521222
2210949
3713102
2830620
2299571
3608178
1156870
2448458
3845586
3270298
815051
3701764
917781
287869
2819333
3959636
1411932
2942609
919170
3076500
487704
3066227
695845
2781264
151376
1628859
2803105
245128
246664
3698392
339764
1952343
2511935
2430358
2738548
3861166
183432
3231718
951112
1526400
2828672
2253130
1164192
3285471
2799623
3611190
3693374
2877101
2065534
941077
1440241
1111505
2647779
3247930
1460428
2662369
3675404
3408306
2487293
711624
3620209
391974
3350598
1969780
3942196
1815685
767839
1140303
1430277
2712313
3154052
503618
2167994
1715982
1787893
1651912
2928749
3320448
2539271
2734458
1288319
774669
3907934
1710040
1751132
2909788
392903
2780133
2740544
3808936
211338
324341
3029349
2865105
3615034
2712655
3226305
1469622
3620566
2860364
3394560
185881
2456214
1537652
941818
3001665
402596
2969967
3818554
1568767
952387
2236512
1440312
1449517
766809
3304240
1290883
3016747
869690
592319
140307
2770195
3718932
1253412
3523745
3571272
2862435
508540
364718
304751
1609422
3828390
2677814
646950
1910529
1273603
312511
3723147
435787
3282626
3477813
3018494
3349233
1756918
3228960
3239233
2211659
4032805
2025792
525934
574856
3625937
4032897
1368157
519420
3971148
3883532
1839205
3523002
1157547
712896
2223990
3354020
61663
1920573
989713
455517
2920245
2386110
2431757
1897561
3720161
751264
892683
2464452
3059875
818663
654295
3181453
1650776
549399
3005326
3755255
3069972
3973996
3952963
1384713
3495818
1062157
3766948
171398
3972408
2122537
3519665
2677303
3468324
3607615
2878232
2738289
3056752
2573609
1505217
54523
1420832
1555476
3523743
1715695
2015257
3104195
1018776
2085680
852920
2333458
1254793
1183261
53231
2942647
2829789
1648394
816281
831095
1087920
317445
1243655
1906823
2769755
3023930
1986357
3606734
3966289
4035453
3743372
3285480
3182750
3527060
1390276
2951772
1671803
2452551
377405
3543891
1178126
3910744
3944467
3227200
1191209
2629429
3429874
1128722
2279298
2557304
3381892
3432746
1421918
1791746
816763
1166045
2121990
2604821
2265812
581040
1105001
1585286
3701524
1325895
2569967
3597267
3402080
644926
353233
1672189
1338811
855980
1139550
194434
3902987
1597247
2049259
1499863
640395
2147061
924574
996485
159277
3631551
1057154
1961178
2943855
949751
1174671
1061668
2374114
1778242
3831148
1456212
3449174
1384301
2922136
3898071
3815887
2742409
981130
3895981
3215226
3991549
460272
3192890
1599966
1065770
2226619
1162879
1245063
2107855
3059558
3542389
1231642
3871803
2402764
1889114
4021118
2346619
3076002
353657
1546026
448915
2019822
1728260
807651
1728261
1214611
2384636
2312725
1483544
1820291
3299603
792226
2744096
360760
966867
748873
3661738
3004266
3304399
2515904
2957643
3315198
1866705
1876978
1417832
3040966
3106949
3117222
1328758
435007
3794528
3054872
2334233
2642423
3813545
2720512
617407
1158342
298639
2468525
1091576
2159968
3595527
3993448
1723115
1764207
3741892
1085859
465633
516998
2993213
1524174
3116405
702000
1493021
1308107
1955306
362
411282
3735073
3529613
3207820
1896727
2966345
2524606
2298600
2236565
746980
851583
3193827
1196453
1074398
1427670
3831552
945079
2013497
2691461
3572233
1652934
224987
560729
4035150
3376670
1424800
2873293
3011396
2405289
3262130
636575
411962
2109281
912657
3408996
1384173
1277240
1384872
39763
3409307
1065965
3240277
3127274
1432229
3161809
1911895
848232
2481639
1421833
2870326
1956029
662743
786019
1930854
3305283
382809
1173830
2892628
2019423
2554934
418595
613782
940375
2686785
97989
38544
1456218
2493966
1947418
1187216
2707620
13124
3742223
212734
689832
1069933
2354058
2593491
2357212
2699248
2490404
3753983
3182691
2627949
2087600
1676680
3547255
1985759
2417225
917367
1940227
2957254
2904057
3232793
2143855
2616946
1831737
2612485
1431090
2961767
2284607
2574566
1212434
1017541
1312834
2112709
1783973
68382
1935346
2675002
1226157
3167754
2006905
589872
2254098
883114
1318602
2397267
2684911
2971019
423315
785493
1668971
1206686
1853885
1544446
1328214
2078143
3376803
2510703
1534768
1575860
3702371
1594879
2365370
2355097
218313
1147223
3520286
1031750
56614
1813297
3313155
3364025
2780527
1089731
3001845
1368438
3484676
3208625
864016
2610426
2538515
2004749
1080179
1213728
2477307
3266436
389996
1492404
1338309
127702
3848417
571330
2040198
2106329
1741713
2039630
3638235
3504686
739672
3996213
3334410
2707757
4013121
2636539
1538844
1045740
3449622
3218022
3567154
1858676
3869328
3735779
3193123
1374802
1939817
3533396
2054084
2865651
1956037
2439264
3363834
2202985
1915341
1894978
1494331
312936
139749
3725026
2393262
3122645
3047923
423886
2574522
2821074
1639679
2154520
2534621
1207811
2708476
1633375
2075944
215945
1284337
739868
1150879
2126814
3369847
67190
3869625
3077864
1218062
1618709
2761647
820050
1573012
833356
2835203
831968
3396494
3530043
1958160
3841930
1602416
2429985
652756
755486
2836458
110154
3044881
2038127
1218598
3961489
1318248
402455
2549512
2115941
2300855
1458469
1903033
1594843
3279615
1733738
2730219
773165
2230300
657087
297532
2676641
3796398
3899128
399609
3712057
3013493
3509430
2194486
3930538
1371777
2610198
2508700
505565
793209
187102
2900316
2078476
3403693
1289720
3364866
2788451
2952819
2954867
129792
3581520
2726247
3476176
1115808
1742247
1251515
3004945
3652144
543477
1878967
871741
1529256
1909357
2504319
3725200
3827930
3558860
2726747
261227
1391257
1447211
3953823
1853840
2382850
2280120
1858927
3933355
3316975
2991218
351065
1288911
1134816
1823107
3761395
2569727
3335389
3592214
3475219
3367536
3289518
300075
833578
371293
3850801
819186
3151157
1895323
374919
1299489
2972525
2725973
2972014
1852257
3876038
742773
2666748
2553745
3267750
3898538
2585721
89382
3881162
1580562
3213969
1036093
1964541
3352500
1965645
1472541
1893734
3434684
1005857
3676837
2300255
3938313
209214
1598878
592124
1163107
2652692
170632
602098
129540
2657779
2593075
2966904
2907710
1448944
1818772
149835
3911167
3552511
1301964
1373875
1525647
3724069
2049217
2481206
554177
2980676
304914
2294973
1093032
803568
752203
3105787
2592137
3075914
1647967
2192276
488229
1977814
2670401
3523060
272801
2725730
436572
3076733
2094871
2866117
1499808
1150526
3955055
227407
1377983
3720227
3544526
2250128
462626
3094676
1276355
1522907
2212089
2653828
260219
1431341
240011
394106
1063404
3929571
3485314
3566595
3077279
1926703
3585226
3831778
807159
1015726
1939656
3192962
151847
322473
2169054
1781380
702715
1922753
2343946
487191
2813024
2330886
574203
2741806
2435961
3672102
3008604
980844
1063028
3827658
2348346
2747089
3599748
362167
1779841
1633167
4016503
1743240
3284190
2030884
2434040
831452
3132604
3315736
1928304
3982303
3372119
1811732
719747
708674
3441292
3883031
2105802
3607407
3564448
539937
1361777
402077
2929235
1069822
2837657
3854684
266683
1539409
1025759
19005
635385
1311956
3585203
2044253
3718272
3677180
1308075
311594
1133044
3321193
1314124
3599868
3106764
98018
420881
1533624
2725292
3878794
3467874
538028
2137457
3427188
1115763
3687440
1561827
822171
2355431
3475188
2835332
2774651
1196988
1268899
4026552
1665835
3369405
1204409
260324
3496792
2842055
345716
2674410
3804440
3980927
1052464
1664104
3215327
1386733
2003179
1131809
1213993
1501637
1943376
925976
3216176
206210
2158080
847073
2254474
2498810
3865119
1954341
1847170
2525188
1189698
3675764
1826624
2823105
3562761
3234025
1666832
1933930
3739815
2007250
825855
2890728
733398
2580192
3601263
581001
734730
2429775
3579437
2753777
2404495
2496061
563001
88096
3837741
2156964
4011796
1238086
1083991
924627
45570
538674
2387414
3557721
3516629
2056196
561089
2542195
3168848
651963
435613
1771103
3975849
2876638
2691724
1496279
2755563
1409800
2443999
699341
1420741
2817869
1720920
1001810
195733
3976197
616926
1381493
1854051
395216
2183296
3796157
2265480
1585162
3896587
3557578
1119417
1757290
618237
3696837
3630706
436155
2422720
1621426
2362960
3553737
2526437
2639440
1717534
3650594
1198660
3985729
2342484
3535774
2703661
3837438
2070482
734992
849023
1711955
1609225
13398
3219
3403582
2356953
3764354
2141601
3563881
1509281
1978991
890053
746231
1381467
2655836
1887551
296523
1755289
2992607
2016672
1208914
2408913
3631400
2172634
1199938
1723861
955480
3092264
1444438
1978634
750739
2199232
417948
37847
2297907
1604925
2252124
1388593
3856200
3044633
466110
3274578
89948
1897996
1048467
1768018
1026696
3594946
3110312
2127135
2270957
3971960
2538024
183736
2429237
2264869
539005
2858219
3258866
344997
2697514
1485300
2512600
2882428
482034
1468242
1783620
1063628
3426418
3210685
3761030
2887825
1310855
3297474
2311266
2001193
2987401
3511324
2864125
2055292
3501236
2028867
2994529
3384683
2018374
402527
3854255
1287323
23744
3205383
1382596
858673
3071892
339274
1972681
3570852
195521
2343527
1151859
1881242
166979
434077
437628
221895
1403871
3728257
2711230
722213
326726
3334515
3735162
2869066
8620
3932906
49712
2585196
1876359
7573
1620434
2994304
3145576
2508650
53403
505415
696503
1663836
600653
3558093
3393725
984449
3497039
897970
1461203
3246649
2363171
82565
616761
1950324
2864621
2867773
1563102
2333577
3529425
2419941
2874274
1418654
1566873
3195201
1459064
3035373
230844
3679830
1482270
2961582
1768009
3976704
2791828
59210
1189240
227550
710381
2405426
322517
1109688
1978950
3108980
2153591
3715087
305804
722938
464038
1850893
182357
2537397
588088
978462
362082
1666753
379277
821016
3594726
2238153
3142177
3049720
2126044
1417207
184447
2044907
1705898
181377
3644786
74580
1040242
3184071
1542374
823264
3892055
1847728
183502
717698
1977027
2675591
304759
3283929
1424516
883419
2875426
995467
1838104
1509368
3081137
2139174
824230
899382
46723
2840979
1295765
1213581
2764804
1500905
3853422
923777
800043
3964028
1457416
810217
242693
2903400
2656214
2392441
1108316
534254
1006812
2373121
1510189
959544
1617016
1413650
2595045
3540161
2985419
2230559
1651990
1891880
2107613
1515328
159292
2882776
2670412
630289
126912
2688482
1476268
3114631
3258453
2788949
35785
1361002
2897102
2013624
3859147
273870
3609094
3140891
2226594
663949
2235718
6477
2924709
1815225
3448670
2339186
3362147
290520
763777
1366852
2311968
3650702
3034322
3253282
3751808
2093241
2339793
3675283
1579843
4034660
641181
900618
165135
2384103
3688774
2094000
2576831
2831181
1579782
2668720
3655004
1670857
3499451
620105
1372981
482756
3367288
49109
2937517
3790176
3070442
728198
687106
1863119
1770792
1945433
1746342
3338657
1858808
1776624
3080899
1817320
156249
63792
639080
1179460
3234060
1539015
1335535
3124215
2805752
3604112
1590604
933132
634774
1846988
1384703
1651801
2523064
2379242
978149
3860399
3192654
727134
1548974
2149983
2971823
1338416
1740289
2172043
250992
877645
797742
2470194
2994117
2824907
10105
2062202
1331746
3108975
3632898
1740696
3478489
489046
2814957
3040963
143977
63788
1604738
2560127
1522554
3770134
3769502
3317490
3307217
1618332
2007548
1586355
250922
2901356
1935694
1037993
566337
2764759
601151
351983
3670162
2288341
1569231
3506939
3979497
2674826
2567317
1130589
1007313
2650430
1209484
819110
184019
543574
2741996
3839535
3880627
2534864
1536053
940219
2933181
662848
2073980
2680087
3501927
227709
278579
3951675
356125
777318
2684943
3983801
3746992
1023035
2348252
1091763
229120
3701394
687759
2139567
1112267
1100724
1420756
1509718
1137231
3335653
1239570
1866223
169875
421539
2116584
81784
52167
1536741
61572
975869
3554219
2799474
1463984
1761901
972874
2205634
209912
1360488
2820227
467710
1400783
2506783
1356207
3327298
964508
2597612
142365
583083
1021155
2919673
2025922
3343962
313427
1566733
3528876
2638651
2325799
1545051
170450
3581086
107658
2275261
3508078
985878
359225
419469
1528953
1652229
3141814
320107
1049490
3715078
3249976
722818
3095881
140767
2721068
1312414
305660
2637631
2841474
3443960
2683084
51105
1185506
2173676
2974970
3977109
324627
2989227
3749429
3683603
3827425
1012623
2665626
763088
243257
3779291
1591142
3750147
2241503
3967367
1327206
1416426
368580
448100
3964001
3645538
3820179
3049704
2037391
26839
530216
1867013
2791583
1329469
898003
862983
1212893
2774389
1099890
2651113
1817125
430270
2500679
2003704
1839336
646396
3553655
2299092
3789790
242433
2520448
1934887
3219012
3290923
2702404
1582662
863552
1584715
1368982
27542
1476035
3150534
3427905
903488
3512830
3451192
457769
2180936
3390243
3534065
100251
589014
2129964
3661151
630855
3938761
3532091
1436399
1580221
3673374
3478187
1204537
3464597
4019339
3448093
147796
2181850
3783935
3465472
3247790
1973938
1737659
3708946
1109877
698957
3236643
1829304
367848
3370135
2486657
390965
3595568
1643698
3582732
1096666
3449183
3078019
930962
3026654
384711
3363881
3569341
2635026
3097311
999355
2119112
1266453
3208050
3385033
3794138
2924424
1726374
2415365
3011199
2292089
2670931
1400096
1307639
2941046
1934292
1872841
64793
449089
3459078
2156323
3399356
2183544
3282755
1926719
4010851
2058981
2812520
2257471
2093103
901435
3140186
674666
1323801
2864751
1379384
2886880
2907426
2178043
1032441
2943219
529064
1946738
2275159
1155402
2244340
1165675
2427640
3167296
177853
3541726
1660600
674392
1559530
1210942
3400317
2619569
3605777
1612815
2657850
780506
1152557
3381798
676146
2114366
751193
2209959
2449930
385057
3323800
1300019
3191477
2811376
1701892
1380573
1082656
2146608
1314495
387407
1856446
207933
2232086
2827920
906869
42079
3973633
2042309
3809265
4014725
4016241
2095190
3482045
163866
3831001
2454419
353678
764598
13923
2047977
2417805
3445105
1895855
2933428
2516294
3569166
3055516
2869754
1211248
602365
920828
2543962
2008804
1844436
3888763
2275902
2142906
1906627
1413523
126512
2761306
1780904
1729539
760124
1634663
1517860
1497314
1488252
3931063
3294137
3347263
3744254
28139
3459321
2534751
3993517
310172
3064096
1810790
1287632
3403824
714880
2389379
1667652
1043619
673791
2060646
3149584
4260
2264320
2839608
194051
2650933
668244
2435200
3252414
2071019
653345
982081
1291570
1003919
1486750
2268327
3162078
3314643
1688975
2469893
2798629
367933
912402
2027537
2361314
3394631
2439242
1039319
803040
3782210
3734963
2327562
457876
22674
3490248
737191
839921
4021387
2552348
1595992
155038
3661687
1792001
2470019
2428927
1014741
154090
4006465
2352512
2681248
1263574
2817243
947557
3865089
3515807
998922
424894
3321880
311891
928271
2960001
3190942
530235
3951144
3426243
1320278
501087
2730328
1690253
3251749
429790
89151
571982
3818250
1044540
98358
161153
231743
3372617
2376136
1954943
3262942
2451375
1537078
3437583
1085066
245875
2002558
3350495
1799272
2465669
1464124
1089528
3668051
1395459
1919382
1477643
152426
1327804
3310493
2190707
403205
2275221
3118102
347065
3120775
2843404
341666
1543607
619037
2064987
503491
2071481
1794110
99065
2518471
710423
967248
3617796
2380141
242786
2636395
448246
2481111
822269
3739801
1300464
1115550
152045
4004420
3073499
3063511
2420957
2564665
849074
3756464
2914078
3201722
2776695
1348748
2576470
1302618
2526418
2172269
2716738
3096907
1463500
2511346
459560
1029305
1635412
834118
60548
70821
674727
2965606
1383564
1496567
2666603
2152953
1375632
2711122
1272902
539995
3549984
1408377
2242645
2688923
192584
202733
2329244
493252
3328600
3461565
3800574
3204067
522814
3614987
2135846
838661
1830927
191085
2492237
594975
1920192
2923876
1670570
3194593
3307596
740593
2260997
1017964
1891169
2826012
2519923
413958
3033573
1897699
2514079
2474115
1798271
1808544
2469842
2932127
1606910
456334
3181907
1979966
2370340
1201047
1693088
2125372
2085948
1243824
3164875
3490594
1506572
2400323
3014373
2623999
980319
3825940
1740521
528307
3803127
690408
2569290
2250827
2142708
208369
590783
2121460
2831214
1762822
279241
3739308
2845557
3996133
572582
2844250
3409265
3573633
1899134
3051340
2198681
1860017
3051685
3678725
2682244
3596541
647912
3922958
1734809
3522311
3244974
3689409
1912180
3117977
2583781
2152365
1371617
529231
12851
588139
1893787
2746446
3617757
3997858
1491174
2693115
1275441
2762969
962925
3354546
241827
858207
3724374
1638955
3806558
2976778
3237367
524607
2737111
3475086
1095238
1146603
2060900
23640
1862507
3275250
2689689
3028698
616084
1304375
1211918
1376286
1260818
3633881
2606581
1808664
493720
3083951
480008
3161097
879978
1773729
695064
3746145
309396
1870892
3828745
1082227
2982732
1974099
2569933
614963
3953688
2636438
150372
3530189
4013020
1912877
135648
2385435
2182691
1319759
1956685
3487362
2295694
1772615
1084324
4002290
1567589
2009008
1783002
868705
3539685
3221222
2020690
1484535
1474262
128499
343210
1276327
3799479
1309738
3647751
3822392
1622930
1869482
1352427
1372973
2119146
1598223
3919921
2481701
447072
569363
3137613
107192
579750
3791509
2363562
3226494
2959396
3853147
1364597
2689814
2700430
543100
3659420
2344476
947348
1656185
2002101
2051479
1291277
2534310
286994
1961493
492454
1853298
4020901
30004
2163152
604069
295879
1987688
300467
2238529
497065
1921425
3916753
1625874
1963150
3678741
2897993
1459773
32242
710260
1290178
893376
1838492
1571394
2557602
2978795
2929730
1306596
1686697
2178562
2841840
853753
2830169
1833688
3817769
2319738
2984910
2820542
385841
1980600
3418820
2983661
3743863
2778201
631144
3003266
322013
54915
490541
3212886
3387527
356992
3946904
2950803
755855
3771829
2717910
2142622
2902824
949073
753886
3096130
3243953
2812487
388059
1898190
118575
899323
3547222
2417192
2076108
1176844
519372
1156298
3981373
3519088
1524730
3693183
151491
1846536
1240429
3242641
3243467
3222921
2020980
3287618
370086
1550270
1277316
568479
297206
1581331
2895582
1652549
464423
2899124
2561070
1646773
1971186
3378587
1159619
2484836
2106189
616604
943443
2350844
3789674
1961080
2984935
155836
772216
3000341
2985253
797286
2564242
1239025
2954616
150097
1095213
2605981
3212088
1434859
2165847
2884957
3131509
2814371
3523208
2106875
3865997
2088768
814916
1802793
1576787
3200133
1020362
3157146
3478959
1053077
164601
1055118
3608030
2205211
2701723
762932
3680464
2457977
1786242
2988183
2689020
3634845
3573207
1354239
3491023
302180
153834
2865906
1407140
359294
924309
2540103
3690679
1810720
1789816
803608
898342
908615
2889853
969838
2058776
671921
3880100
612440
300183
217999
3669727
2322944
607353
653742
1095481
2362152
130845
3356567
491329
3955174
2270402
2111671
1752116
1606922
1785876
2576897
419567
2248161
3105455
3937568
1035183
2360400
1980299
69521
706447
3657313
3860521
1312817
3059227
3192127
1309625
2901940
1976760
2726689
1053801
3200858
2430383
1091866
2045462
2970032
2381346
3973661
3090183
1744861
1571709
729323
390037
932363
3146783
2115141
2989102
1688678
2664613
3144627
2815891
1644769
2733707
1048935
830266
1299369
3302604
1854111
2758135
2693457
3350929
1305887
1685988
2188442
195480
3218220
2797027
3824327
1893003
1592870
62741
3987027
1092860
1657875
1442142
2757086
2756712
3362819
2736166
2201970
599792
1435461
3027776
3109960
1632618
2629099
3420120
1205691
260575
2346742
723608
1361775
380348
2310279
748485
2535987
3565543
3318991
2024593
3950312
1061596
106207
34296
2171080
1105147
3971314
1319060
2634004
1545066
3630485
2755496
1912652
1964017
2218382
2136198
1725278
3800424
2003068
2773543
3513199
2512109
3939160
2480394
1617462
3004317
2819403
1253877
766859
3926939
1212653
2722784
1161288
3778309
3079745
3295092
2349976
3747104
3936642
2331396
1811032
981851
2702562
3154574
1110247
2402007
3038933
2176001
2494464
3287765
627058
2213679
1684284
747586
264755
593426
190555
689140
1356885
255412
3902327
1791222
2063407
2083953
3748179
338065
440795
1087994
3464177
3762094
3468853
537708
3414148
1626646
2900498
3186100
1398598
1617403
1011296
2870709
111892
1693934
1305305
2466154
1540061
101841
928665
3835924
3984807
3425333
2048751
1596739
2709190
2760555
633665
78923
1291542
1640824
962694
705869
3247349
1973497
3764097
2675159
1688752
271078
3681714
1770936
2383752
1507121
1876949
3448718
1116747
3217960
3156322
2390275
2164269
2723897
3437598
2432677
2159531
382302
3834030
1092137
1505123
3148803
1151024
2507060
3876949
925868
2478965
1307843
3429238
2597182
1875536
1505708
950966
1574458
937532
1430636
2704929
1554353
1434727
1898606
3480648
871306
1446594
1350811
1710366
2485730
3390437
82531
1452205
2284318
2217388
1909198
3059774
3022987
2303877
1923776
2836758
42502
858812
1472868
3188459
1359865
1010583
3381524
738108
2273659
1038161
1602818
3214368
1448264
3207834
248185
1748043
802925
4005723
523176
3930380
1742231
3718949
1294521
758388
3131451
3668133
1808720
1017699
2064819
3956801
3592474
1876883
3366468
1311868
3229814
1156377
3724627
1125558
3899268
262626
1893613
2242895
3582161
54772
3105853
1604743
898632
36988
673914
3108615
247862
3237305
2384646
3637952
2774406
3356376
1914161
1512885
2283360
1176529
1875093
3755052
3203578
1755032
18895
676367
337358
1097560
900731
1250013
3687281
2012782
3270181
270465
2092694
1974656
1656193
690531
2058343
774218
2320423
954114
859960
2039226
3970550
2450146
3099647
2832549
1764157
3908719
1165828
2686232
1915757
549448
232886
3551065
760130
1656700
3988671
2306109
40847
420948
821595
1427702
1006509
3872738
2157147
2475610
1664043
1279676
427957
1403892
3338127
1745812
3650522
2417762
3681341
674948
3243198
2624207
3939151
1284906
379137
2022817
2577559
3624913
3274346
3823734
1502036
751853
2066797
1316868
2219533
2774275
347612
2720675
77720
3187684
3780976
801806
2755121
1063537
1556641
689491
617580
2168803
1718411
3291278
158013
216225
3082392
1818813
2383828
2640653
702506
302820
2901889
3989493
3044377
2664276
2951920
3597287
1336071
3924867
3001363
1409048
1134705
576905
2405499
2883738
1609886
2349542
3646923
749937
73366
364531
1371285
2706775
3682151
2185256
890858
3283964
1404005
2252687
3030230
3709869
114319
1470355
1418990
3543328
989350
1200877
3656124
2579216
2661400
637619
1747103
474683
3525764
269223
2407365
2669060
3028615
877469
1277662
2515763
1249221
37007
20215
749598
3605492
2937444
926198
99739
2996838
3654310
221540
2584330
3417290
2459887
2511252
1504650
1453487
658396
3693752
1669971
3785853
